{"C:\\meusprojetos\\tabuada\\controllers\\index.test.js":{"path":"C:\\meusprojetos\\tabuada\\controllers\\index.test.js","s":{"1":1,"2":1,"3":1,"4":1,"5":1,"6":1,"7":1,"8":1},"b":{},"f":{"1":0},"fnMap":{"1":{"name":"(anonymous_1)","line":7,"loc":{"start":{"line":7,"column":10},"end":{"line":7,"column":22}}}},"statementMap":{"1":{"start":{"line":1,"column":0},"end":{"line":1,"column":42}},"2":{"start":{"line":2,"column":0},"end":{"line":2,"column":30}},"3":{"start":{"line":4,"column":0},"end":{"line":13,"column":2}},"4":{"start":{"line":5,"column":4},"end":{"line":12,"column":6}},"5":{"start":{"line":6,"column":0},"end":{"line":8,"column":1}},"6":{"start":{"line":9,"column":2},"end":{"line":9,"column":28}},"7":{"start":{"line":10,"column":2},"end":{"line":10,"column":48}},"8":{"start":{"line":11,"column":2},"end":{"line":11,"column":31}}},"branchMap":{}},"C:\\meusprojetos\\tabuada\\controllers\\index.js":{"path":"C:\\meusprojetos\\tabuada\\controllers\\index.js","s":{"1":1,"2":1,"3":1},"b":{},"f":{},"fnMap":{},"statementMap":{"1":{"start":{"line":1,"column":0},"end":{"line":3,"column":1}},"2":{"start":{"line":2,"column":2},"end":{"line":2,"column":20}},"3":{"start":{"line":5,"column":0},"end":{"line":7,"column":1}}},"branchMap":{}},"C:\\meusprojetos\\tabuada\\controllers\\tabuada.test.js":{"path":"C:\\meusprojetos\\tabuada\\controllers\\tabuada.test.js","s":{"1":1,"2":1,"3":1,"4":1,"5":1,"6":1,"7":100,"8":1,"9":1,"10":1,"11":1,"12":1,"13":1,"14":1,"15":1,"16":100,"17":1,"18":1,"19":1,"20":1},"b":{},"f":{"1":0,"2":0},"fnMap":{"1":{"name":"(anonymous_1)","line":11,"loc":{"start":{"line":11,"column":14},"end":{"line":11,"column":25}}},"2":{"name":"(anonymous_2)","line":28,"loc":{"start":{"line":28,"column":14},"end":{"line":28,"column":25}}}},"statementMap":{"1":{"start":{"line":1,"column":0},"end":{"line":1,"column":46}},"2":{"start":{"line":2,"column":0},"end":{"line":2,"column":31}},"3":{"start":{"line":4,"column":0},"end":{"line":37,"column":2}},"4":{"start":{"line":5,"column":2},"end":{"line":16,"column":4}},"5":{"start":{"line":6,"column":4},"end":{"line":6,"column":22}},"6":{"start":{"line":7,"column":4},"end":{"line":9,"column":3}},"7":{"start":{"line":8,"column":4},"end":{"line":8,"column":19}},"8":{"start":{"line":10,"column":4},"end":{"line":12,"column":5}},"9":{"start":{"line":13,"column":4},"end":{"line":13,"column":30}},"10":{"start":{"line":14,"column":4},"end":{"line":14,"column":72}},"11":{"start":{"line":15,"column":4},"end":{"line":15,"column":35}},"12":{"start":{"line":17,"column":2},"end":{"line":36,"column":4}},"13":{"start":{"line":18,"column":4},"end":{"line":18,"column":23}},"14":{"start":{"line":19,"column":6},"end":{"line":19,"column":20}},"15":{"start":{"line":20,"column":6},"end":{"line":26,"column":5}},"16":{"start":{"line":21,"column":8},"end":{"line":25,"column":4}},"17":{"start":{"line":27,"column":6},"end":{"line":29,"column":5}},"18":{"start":{"line":30,"column":5},"end":{"line":30,"column":31}},"19":{"start":{"line":31,"column":8},"end":{"line":34,"column":6}},"20":{"start":{"line":35,"column":8},"end":{"line":35,"column":58}}},"branchMap":{}},"C:\\meusprojetos\\tabuada\\controllers\\tabuada.js":{"path":"C:\\meusprojetos\\tabuada\\controllers\\tabuada.js","s":{"1":1,"2":1,"3":1,"4":100,"5":1,"6":1,"7":1,"8":1,"9":1,"10":100,"11":1,"12":1},"b":{},"f":{},"fnMap":{},"statementMap":{"1":{"start":{"line":1,"column":0},"end":{"line":8,"column":1}},"2":{"start":{"line":3,"column":0},"end":{"line":3,"column":18}},"3":{"start":{"line":4,"column":2},"end":{"line":6,"column":3}},"4":{"start":{"line":5,"column":4},"end":{"line":5,"column":19}},"5":{"start":{"line":7,"column":2},"end":{"line":7,"column":41}},"6":{"start":{"line":10,"column":0},"end":{"line":24,"column":1}},"7":{"start":{"line":11,"column":2},"end":{"line":11,"column":21}},"8":{"start":{"line":12,"column":2},"end":{"line":12,"column":28}},"9":{"start":{"line":13,"column":2},"end":{"line":19,"column":3}},"10":{"start":{"line":14,"column":5},"end":{"line":18,"column":7}},"11":{"start":{"line":20,"column":2},"end":{"line":23,"column":4}},"12":{"start":{"line":26,"column":0},"end":{"line":28,"column":1}}},"branchMap":{}}}